[debug] [2019-12-26T17:53:23.796Z] ----------------------------------------------------------------------
[debug] [2019-12-26T17:53:23.798Z] Command:       /usr/local/bin/node /usr/local/bin/firebase deploy
[debug] [2019-12-26T17:53:23.798Z] CLI Version:   7.11.0
[debug] [2019-12-26T17:53:23.798Z] Platform:      darwin
[debug] [2019-12-26T17:53:23.798Z] Node Version:  v10.16.0
[debug] [2019-12-26T17:53:23.799Z] Time:          Thu Dec 26 2019 23:23:23 GMT+0530 (India Standard Time)
[debug] [2019-12-26T17:53:23.799Z] ----------------------------------------------------------------------
[debug] [2019-12-26T17:53:23.799Z] 
[debug] [2019-12-26T17:53:23.809Z] > command requires scopes: ["email","openid","https://www.googleapis.com/auth/cloudplatformprojects.readonly","https://www.googleapis.com/auth/firebase","https://www.googleapis.com/auth/cloud-platform"]
[debug] [2019-12-26T17:53:23.809Z] > authorizing via signed-in user
[debug] [2019-12-26T17:53:23.809Z] [iam] checking project react-my-burger-2c7f5 for permissions ["firebase.projects.get","firebasehosting.sites.update"]
[debug] [2019-12-26T17:53:23.811Z] >>> HTTP REQUEST POST https://cloudresourcemanager.googleapis.com/v1/projects/react-my-burger-2c7f5:testIamPermissions  

[debug] [2019-12-26T17:53:25.606Z] <<< HTTP RESPONSE 200
[debug] [2019-12-26T17:53:25.610Z] >>> HTTP REQUEST GET https://firebase.googleapis.com/v1beta1/projects/react-my-burger-2c7f5  
 
[debug] [2019-12-26T17:53:26.213Z] <<< HTTP RESPONSE 200
[info] 
[info] === Deploying to 'react-my-burger-2c7f5'...
[info] 
[info] i  deploying hosting
[debug] [2019-12-26T17:53:26.217Z] >>> HTTP REQUEST POST https://firebasehosting.googleapis.com/v1beta1/sites/react-my-burger-2c7f5/versions  

[debug] [2019-12-26T17:53:28.670Z] <<< HTTP RESPONSE 200
[info] i  hosting[react-my-burger-2c7f5]: beginning deploy...
[info] i  hosting[react-my-burger-2c7f5]: found 31 files in build
[debug] [2019-12-26T17:53:28.700Z] [hosting] hash cache [YnVpbGQ] stored for 31 files
[debug] [2019-12-26T17:53:28.700Z] [hosting][hash queue][FINAL]
[debug] [2019-12-26T17:53:28.700Z] >>> HTTP REQUEST POST https://firebasehosting.googleapis.com/v1beta1/sites/react-my-burger-2c7f5/versions/f14255c3860299af:populateFiles  
 <request body omitted>
[debug] [2019-12-26T17:53:32.970Z] <<< HTTP RESPONSE 200
[debug] [2019-12-26T17:53:32.971Z] [hosting][populate queue][FINAL]
[debug] [2019-12-26T17:53:32.972Z] [hosting] uploads queued: 0
[debug] [2019-12-26T17:53:32.972Z] [hosting][upload queue][FINAL]
[info] ✔  hosting[react-my-burger-2c7f5]: file upload complete
[debug] [2019-12-26T17:53:32.973Z] [hosting] deploy completed after 4300ms
[debug] [2019-12-26T17:53:33.227Z] [
  {
    "config": {
      "public": "build",
      "ignore": [
        "firebase.json",
        "**/.*",
        "**/node_modules/**"
      ],
      "rewrites": [
        {
          "source": "**",
          "destination": "/index.html"
        }
      ],
      "site": "react-my-burger-2c7f5"
    },
    "site": "react-my-burger-2c7f5",
    "version": "sites/react-my-burger-2c7f5/versions/f14255c3860299af"
  }
]
[info] i  hosting[react-my-burger-2c7f5]: finalizing version...
[debug] [2019-12-26T17:53:33.228Z] >>> HTTP REQUEST PATCH https://firebasehosting.googleapis.com/v1beta1/sites/react-my-burger-2c7f5/versions/f14255c3860299af?updateMask=status  

[debug] [2019-12-26T17:53:35.223Z] <<< HTTP RESPONSE 200
[debug] [2019-12-26T17:53:35.224Z] [hosting] finalized version for react-my-burger-2c7f5:
[info] ✔  hosting[react-my-burger-2c7f5]: version finalized
[info] i  hosting[react-my-burger-2c7f5]: releasing new version...
[debug] [2019-12-26T17:53:35.225Z] >>> HTTP REQUEST POST https://firebasehosting.googleapis.com/v1beta1/sites/react-my-burger-2c7f5/releases?version_name=sites/react-my-burger-2c7f5/versions/f14255c3860299af  

